<?xml version="1.0" encoding="UTF-8"?>
<!-- Generated by org.testng.reporters.JUnitReportReporter -->
<testsuite hostname="ErolsPC" name="academy.HomePageTest" tests="2" failures="0" timestamp="2 Jan 2021 22:24:50 GMT" time="22.887" errors="0">
  <testcase name="basePageNavigation" time="17.939" classname="academy.HomePageTest"/>
  <testcase name="basePageNavigation" time="4.948" classname="academy.HomePageTest"/>
</testsuite> <!-- academy.HomePageTest -->
