<?xml version="1.0" encoding="UTF-8"?>
<!-- Generated by org.testng.reporters.JUnitReportReporter -->
<testsuite hostname="ErolsPC" name="academy.ValidateNavigationBarTest" tests="1" failures="0" timestamp="4 Jan 2021 23:16:00 GMT" time="0.077" errors="0">
  <testcase name="basePageNavigation" time="0.077" classname="academy.ValidateNavigationBarTest"/>
</testsuite> <!-- academy.ValidateNavigationBarTest -->
