<?xml version="1.0" encoding="UTF-8"?>
<!-- Generated by org.testng.reporters.JUnitReportReporter -->
<testsuite hostname="ErolsPC" name="academy.ValidateNavigationBarTest" tests="1" failures="0" timestamp="2 Jan 2021 18:30:53 GMT" time="0.229" errors="0">
  <testcase name="basePageNavigation" time="0.229" classname="academy.ValidateNavigationBarTest"/>
</testsuite> <!-- academy.ValidateNavigationBarTest -->
