<?xml version="1.0" encoding="UTF-8"?>
<!-- Generated by org.testng.reporters.JUnitReportReporter -->
<testsuite hostname="ErolsPC" name="academy.HomePageTest" tests="2" failures="0" timestamp="2 Jan 2021 18:30:53 GMT" time="11.368" errors="0">
  <testcase name="basePageNavigation" time="4.255" classname="academy.HomePageTest"/>
  <testcase name="basePageNavigation" time="7.113" classname="academy.HomePageTest"/>
</testsuite> <!-- academy.HomePageTest -->
