<?xml version="1.0" encoding="UTF-8"?>
<!-- Generated by org.testng.reporters.JUnitReportReporter -->
<testsuite hostname="ErolsPC" name="academy.HomePageTest" tests="2" failures="0" timestamp="4 Jan 2021 23:16:00 GMT" time="9.928" errors="0">
  <testcase name="basePageNavigation" time="2.780" classname="academy.HomePageTest"/>
  <testcase name="basePageNavigation" time="7.148" classname="academy.HomePageTest"/>
</testsuite> <!-- academy.HomePageTest -->
